<?xml version="1.0" encoding="UTF-8"?>
<!-- Generated by org.testng.reporters.JUnitXMLReporter -->
<testsuite ignored="0" hostname="LAPTOP-CJOBJ4OK" failures="0" tests="3" name="Firefix Tests" time="3.554" errors="0" timestamp="15 Feb 2022 12:16:25 GMT">
  <testcase classname="ui.selenium_tests.Test1" name="testDocumentationLinksPresence" time="0.099"/>
  <testcase classname="ui.selenium_tests.Test1" name="testDownloadLinksPresence" time="0.067"/>
  <testcase classname="ui.selenium_tests.Test1" name="testProjectsLinksPresence" time="0.045"/>
</testsuite> <!-- Firefix Tests -->
