<?xml version="1.0" encoding="UTF-8"?>
<!-- Generated by org.testng.reporters.JUnitXMLReporter -->
<testsuite ignored="0" hostname="LAPTOP-CJOBJ4OK" failures="0" tests="3" name="NotUI Test1" time="2.035" errors="0" timestamp="16 Feb 2022 10:44:03 GMT">
  <testcase classname="ui.tests.HomeTest_NotUI" name="HomeTest1" time="2.019"/>
  <testcase classname="ui.tests.HomeTest_NotUI" name="HomeTest3" time="2.022"/>
  <testcase classname="ui.tests.HomeTest_NotUI" name="HomeTest2" time="2.024"/>
</testsuite> <!-- NotUI Test1 -->
