<?xml version="1.0" encoding="UTF-8"?>
<!-- Generated by org.testng.reporters.JUnitXMLReporter -->
<testsuite ignored="0" hostname="LAPTOP-CJOBJ4OK" failures="0" tests="3" name="NotUI Test2" time="6.046" errors="0" timestamp="16 Feb 2022 10:44:07 GMT">
  <testcase classname="ui.tests.LoginTest_NotUI" name="loginTest1" time="2.024"/>
  <testcase classname="ui.tests.LoginTest_NotUI" name="loginTest2" time="2.001"/>
  <testcase classname="ui.tests.LoginTest_NotUI" name="loginTest3" time="2.011"/>
</testsuite> <!-- NotUI Test2 -->
