<?xml version="1.0" encoding="UTF-8"?>
<!-- Generated by org.testng.reporters.JUnitXMLReporter -->
<testsuite ignored="1" hostname="LAPTOP-CJOBJ4OK" failures="0" tests="2" name="NotUI Test" time="0.027" errors="0" timestamp="12 Feb 2022 20:13:21 GMT">
  <testcase classname="ui.tests.HomeTest_NotUI" name="HomeTest2" time="0.008"/>
  <testcase classname="ui.tests.HomeTest_NotUI" name="HomeTest3" time="0.001"/>
  <testcase classname="ui.tests.HomeTest_NotUI" name="HomeTest1" time="0.0">
    <ignored/>
  </testcase> <!-- HomeTest1 -->
</testsuite> <!-- NotUI Test -->
